

*******************************************************************************
Sun Mar 10 23:48:33 2013


FIT:    data read from './fd_ffd_comparison.dat' u 1:2
        format = x:z
        #datapoints = 100
        residuals are weighted equally (unit weight)

function used for fitting: f(x)
fitted parameters initialized with current variable values



 Iteration 0
 WSSR        : 2.04948e+13       delta(WSSR)/WSSR   : 0
 delta(WSSR) : 0                 limit for stopping : 1e-05
 lambda	  : 320182

initial set of free parameter values

a               = 1
b               = 1

After 8 iterations the fit converged.
final sum of squares of residuals : 537.186
rel. change during last iteration : -2.29248e-08

degrees of freedom    (FIT_NDF)                        : 98
rms of residuals      (FIT_STDFIT) = sqrt(WSSR/ndf)    : 2.34126
variance of residuals (reduced chisquare) = WSSR/ndf   : 5.48149

Final set of parameters            Asymptotic Standard Error
=======================            ==========================

a               = 0.000210944      +/- 7.78e-07     (0.3688%)
b               = -0.263017        +/- 0.3523       (133.9%)


correlation matrix of the fit parameters:

               a      b      
a               1.000 
b              -0.747  1.000 


*******************************************************************************
Sun Mar 10 23:49:06 2013


FIT:    data read from './fd_ffd_comparison.dat' u 1:2
        format = x:z
        #datapoints = 100
        residuals are weighted equally (unit weight)

function used for fitting: f(x)
fitted parameters initialized with current variable values



 Iteration 0
 WSSR        : 2.04948e+13       delta(WSSR)/WSSR   : 0
 delta(WSSR) : 0                 limit for stopping : 1e-05
 lambda	  : 320182

initial set of free parameter values

a               = 1
b               = 1

After 8 iterations the fit converged.
final sum of squares of residuals : 537.186
rel. change during last iteration : -2.29248e-08

degrees of freedom    (FIT_NDF)                        : 98
rms of residuals      (FIT_STDFIT) = sqrt(WSSR/ndf)    : 2.34126
variance of residuals (reduced chisquare) = WSSR/ndf   : 5.48149

Final set of parameters            Asymptotic Standard Error
=======================            ==========================

a               = 0.000210944      +/- 7.78e-07     (0.3688%)
b               = -0.263017        +/- 0.3523       (133.9%)


correlation matrix of the fit parameters:

               a      b      
a               1.000 
b              -0.747  1.000 


*******************************************************************************
Sun Mar 10 23:50:56 2013


FIT:    data read from './fd_ffd_comparison.dat' u 1:2
        format = x:z
        #datapoints = 100
        residuals are weighted equally (unit weight)

function used for fitting: f(x)
fitted parameters initialized with current variable values



 Iteration 0
 WSSR        : 2.04948e+13       delta(WSSR)/WSSR   : 0
 delta(WSSR) : 0                 limit for stopping : 1e-05
 lambda	  : 320182

initial set of free parameter values

a               = 1
b               = 1

After 8 iterations the fit converged.
final sum of squares of residuals : 537.186
rel. change during last iteration : -2.29248e-08

degrees of freedom    (FIT_NDF)                        : 98
rms of residuals      (FIT_STDFIT) = sqrt(WSSR/ndf)    : 2.34126
variance of residuals (reduced chisquare) = WSSR/ndf   : 5.48149

Final set of parameters            Asymptotic Standard Error
=======================            ==========================

a               = 0.000210944      +/- 7.78e-07     (0.3688%)
b               = -0.263017        +/- 0.3523       (133.9%)


correlation matrix of the fit parameters:

               a      b      
a               1.000 
b              -0.747  1.000 


*******************************************************************************
Sun Mar 10 23:50:56 2013


FIT:    data read from './fd_ffd_comparison.dat' u 1:3
        format = x:z
        #datapoints = 100
        residuals are weighted equally (unit weight)

function used for fitting: g(x)
fitted parameters initialized with current variable values



 Iteration 0
 WSSR        : 2.05019e+13       delta(WSSR)/WSSR   : 0
 delta(WSSR) : 0                 limit for stopping : 1e-05
 lambda	  : 320182

initial set of free parameter values

c               = 1
d               = 1

After 8 iterations the fit converged.
final sum of squares of residuals : 44.8758
rel. change during last iteration : -4.23952e-07

degrees of freedom    (FIT_NDF)                        : 98
rms of residuals      (FIT_STDFIT) = sqrt(WSSR/ndf)    : 0.676695
variance of residuals (reduced chisquare) = WSSR/ndf   : 0.457916

Final set of parameters            Asymptotic Standard Error
=======================            ==========================

c               = 3.65593e-05      +/- 2.249e-07    (0.6151%)
d               = -0.56985         +/- 0.1018       (17.87%)


correlation matrix of the fit parameters:

               c      d      
c               1.000 
d              -0.747  1.000 


*******************************************************************************
Sun Mar 10 23:58:02 2013


FIT:    data read from './afv.dat' u 1:2
        format = x:z
        #datapoints = 171
        residuals are weighted equally (unit weight)

function used for fitting: f(x)
fitted parameters initialized with current variable values



 Iteration 0
 WSSR        : 2.93742e+10       delta(WSSR)/WSSR   : 0
 delta(WSSR) : 0                 limit for stopping : 1e-05
 lambda	  : 9314.43

initial set of free parameter values

a               = 1
b               = 1

After 6 iterations the fit converged.
final sum of squares of residuals : 1373.64
rel. change during last iteration : -5.04727e-06

degrees of freedom    (FIT_NDF)                        : 169
rms of residuals      (FIT_STDFIT) = sqrt(WSSR/ndf)    : 2.85097
variance of residuals (reduced chisquare) = WSSR/ndf   : 8.12804

Final set of parameters            Asymptotic Standard Error
=======================            ==========================

a               = 0.0051118        +/- 2.487e-05    (0.4866%)
b               = -0.595963        +/- 0.3276       (54.98%)


correlation matrix of the fit parameters:

               a      b      
a               1.000 
b              -0.746  1.000 


*******************************************************************************
Mon Mar 11 12:33:52 2013


FIT:    data read from './afv.dat' u 1:2
        format = x:z
        #datapoints = 171
        residuals are weighted equally (unit weight)

function used for fitting: f(x)
fitted parameters initialized with current variable values



 Iteration 0
 WSSR        : 2.93742e+10       delta(WSSR)/WSSR   : 0
 delta(WSSR) : 0                 limit for stopping : 1e-05
 lambda	  : 9314.43

initial set of free parameter values

a               = 1
b               = 1

After 6 iterations the fit converged.
final sum of squares of residuals : 1373.64
rel. change during last iteration : -5.04727e-06

degrees of freedom    (FIT_NDF)                        : 169
rms of residuals      (FIT_STDFIT) = sqrt(WSSR/ndf)    : 2.85097
variance of residuals (reduced chisquare) = WSSR/ndf   : 8.12804

Final set of parameters            Asymptotic Standard Error
=======================            ==========================

a               = 0.0051118        +/- 2.487e-05    (0.4866%)
b               = -0.595963        +/- 0.3276       (54.98%)


correlation matrix of the fit parameters:

               a      b      
a               1.000 
b              -0.746  1.000 
